# JRE version: OpenJDK Runtime Environment Temurin-17.0.12+7 (17.0.12+7) (build 17.0.12+7)
# Java VM: OpenJDK 64-Bit Server VM Temurin-17.0.12+7 (17.0.12+7, mixed mode, tiered, compressed oops, compressed class ptrs, g1 gc, bsd-aarch64)
GC Precious Log:
 CPUs: 10 total, 10 available
 Memory: 16384M
 Large Page Support: Disabled
 NUMA Support: Disabled
 Compressed Oops: Enabled (Zero based)
 Heap Region Size: 2M
 Heap Min Capacity: 8M
 Heap Initial Capacity: 256M
 Heap Max Capacity: 4G
 Pre-touch: Disabled
 Parallel Workers: 9
 Concurrent Workers: 2
 Concurrent Refinement Workers: 9
 Periodic GC: Disabled
Heap:
 garbage-first heap   total 262144K, used 82812K [0x0000000700000000, 0x0000000800000000)
  region size 2048K, 42 young (86016K), 3 survivors (6144K)
 Metaspace       used 20352K, committed 20608K, reserved 1114112K
  class space    used 2014K, committed 2112K, reserved 1048576K
GC Heap History (6 events):
Event: 0.670 GC heap before
{Heap before GC invocations=0 (full 0):
 garbage-first heap   total 262144K, used 22528K [0x0000000700000000, 0x0000000800000000)
  region size 2048K, 11 young (22528K), 0 survivors (0K)
 Metaspace       used 13108K, committed 13312K, reserved 1114112K
  class space    used 1172K, committed 1280K, reserved 1048576K
}
Event: 0.672 GC heap after
{Heap after GC invocations=1 (full 0):
 garbage-first heap   total 262144K, used 2923K [0x0000000700000000, 0x0000000800000000)
  region size 2048K, 2 young (4096K), 2 survivors (4096K)
 Metaspace       used 13108K, committed 13312K, reserved 1114112K
  class space    used 1172K, committed 1280K, reserved 1048576K
}
Event: 5.624 GC heap before
{Heap before GC invocations=1 (full 0):
 garbage-first heap   total 262144K, used 37739K [0x0000000700000000, 0x0000000800000000)
  region size 2048K, 19 young (38912K), 2 survivors (4096K)
 Metaspace       used 20126K, committed 20416K, reserved 1114112K
  class space    used 1998K, committed 2112K, reserved 1048576K
}
Event: 5.626 GC heap after
{Heap after GC invocations=2 (full 0):
 garbage-first heap   total 262144K, used 4840K [0x0000000700000000, 0x0000000800000000)
  region size 2048K, 3 young (6144K), 3 survivors (6144K)
 Metaspace       used 20126K, committed 20416K, reserved 1114112K
  class space    used 1998K, committed 2112K, reserved 1048576K
}
Event: 74.583 GC heap before
{Heap before GC invocations=2 (full 0):
 garbage-first heap   total 262144K, used 154344K [0x0000000700000000, 0x0000000800000000)
  region size 2048K, 76 young (155648K), 3 survivors (6144K)
 Metaspace       used 20334K, committed 20608K, reserved 1114112K
  class space    used 2012K, committed 2112K, reserved 1048576K
}
Event: 74.586 GC heap after
{Heap after GC invocations=3 (full 0):
 garbage-first heap   total 262144K, used 4988K [0x0000000700000000, 0x0000000800000000)
  region size 2048K, 3 young (6144K), 3 survivors (6144K)
 Metaspace       used 20334K, committed 20608K, reserved 1114112K
  class space    used 2012K, committed 2112K, reserved 1048576K
}

